# JRE version: OpenJDK Runtime Environment (8.0_212-b04) (build 1.8.0_212-release-1586-b04)
# Java VM: OpenJDK 64-Bit Server VM (25.212-b04 mixed mode windows-amd64 compressed oops)
Heap:
 PSYoungGen      total 23552K, used 1685K [0x00000000e0000000, 0x00000000e2200000, 0x0000000100000000)
  eden space 12288K, 1% used [0x00000000e0000000,0x00000000e00355c0,0x00000000e0c00000)
  from space 11264K, 13% used [0x00000000e1700000,0x00000000e1870000,0x00000000e2200000)
  to   space 11264K, 0% used [0x00000000e0c00000,0x00000000e0c00000,0x00000000e1700000)
 ParOldGen       total 32768K, used 15022K [0x00000000a0000000, 0x00000000a2000000, 0x00000000e0000000)
  object space 32768K, 45% used [0x00000000a0000000,0x00000000a0eab8d8,0x00000000a2000000)
 Metaspace       used 35051K, capacity 36012K, committed 36096K, reserved 1081344K
  class space    used 4811K, capacity 5067K, committed 5120K, reserved 1048576K
GC Heap History (10 events):
Event: 676.033 GC heap before
{Heap before GC invocations=26 (full 1):
 PSYoungGen      total 22016K, used 19964K [0x00000000e0000000, 0x00000000e2000000, 0x0000000100000000)
  eden space 12800K, 100% used [0x00000000e0000000,0x00000000e0c80000,0x00000000e0c80000)
  from space 9216K, 77% used [0x00000000e1600000,0x00000000e1cff058,0x00000000e1f00000)
  to   space 9728K, 0% used [0x00000000e0c80000,0x00000000e0c80000,0x00000000e1600000)
 ParOldGen       total 26112K, used 8023K [0x00000000a0000000, 0x00000000a1980000, 0x00000000e0000000)
  object space 26112K, 30% used [0x00000000a0000000,0x00000000a07d5cc0,0x00000000a1980000)
 Metaspace       used 34117K, capacity 34882K, committed 35200K, reserved 1079296K
  class space    used 4668K, capacity 4876K, committed 4992K, reserved 1048576K
Event: 676.062 GC heap after
Heap after GC invocations=26 (full 1):
 PSYoungGen      total 22528K, used 7744K [0x00000000e0000000, 0x00000000e2080000, 0x0000000100000000)
  eden space 12800K, 0% used [0x00000000e0000000,0x00000000e0000000,0x00000000e0c80000)
  from space 9728K, 79% used [0x00000000e0c80000,0x00000000e1410000,0x00000000e1600000)
  to   space 10240K, 0% used [0x00000000e1680000,0x00000000e1680000,0x00000000e2080000)
 ParOldGen       total 26112K, used 8031K [0x00000000a0000000, 0x00000000a1980000, 0x00000000e0000000)
  object space 26112K, 30% used [0x00000000a0000000,0x00000000a07d7cc0,0x00000000a1980000)
 Metaspace       used 34117K, capacity 34882K, committed 35200K, reserved 1079296K
  class space    used 4668K, capacity 4876K, committed 4992K, reserved 1048576K
}
Event: 714.743 GC heap before
{Heap before GC invocations=27 (full 1):
 PSYoungGen      total 22528K, used 20544K [0x00000000e0000000, 0x00000000e2080000, 0x0000000100000000)
  eden space 12800K, 100% used [0x00000000e0000000,0x00000000e0c80000,0x00000000e0c80000)
  from space 9728K, 79% used [0x00000000e0c80000,0x00000000e1410000,0x00000000e1600000)
  to   space 10240K, 0% used [0x00000000e1680000,0x00000000e1680000,0x00000000e2080000)
 ParOldGen       total 26112K, used 8031K [0x00000000a0000000, 0x00000000a1980000, 0x00000000e0000000)
  object space 26112K, 30% used [0x00000000a0000000,0x00000000a07d7cc0,0x00000000a1980000)
 Metaspace       used 34553K, capacity 35404K, committed 35456K, reserved 1079296K
  class space    used 4727K, capacity 4953K, committed 4992K, reserved 1048576K
Event: 714.753 GC heap after
Heap after GC invocations=27 (full 1):
 PSYoungGen      total 22528K, used 7761K [0x00000000e0000000, 0x00000000e2180000, 0x0000000100000000)
  eden space 12288K, 0% used [0x00000000e0000000,0x00000000e0000000,0x00000000e0c00000)
  from space 10240K, 75% used [0x00000000e1680000,0x00000000e1e146d8,0x00000000e2080000)
  to   space 10752K, 0% used [0x00000000e0c00000,0x00000000e0c00000,0x00000000e1680000)
 ParOldGen       total 26112K, used 8039K [0x00000000a0000000, 0x00000000a1980000, 0x00000000e0000000)
  object space 26112K, 30% used [0x00000000a0000000,0x00000000a07d9cc0,0x00000000a1980000)
 Metaspace       used 34553K, capacity 35404K, committed 35456K, reserved 1079296K
  class space    used 4727K, capacity 4953K, committed 4992K, reserved 1048576K
}
Event: 721.408 GC heap before
{Heap before GC invocations=28 (full 1):
 PSYoungGen      total 22528K, used 11196K [0x00000000e0000000, 0x00000000e2180000, 0x0000000100000000)
  eden space 12288K, 27% used [0x00000000e0000000,0x00000000e035a930,0x00000000e0c00000)
  from space 10240K, 75% used [0x00000000e1680000,0x00000000e1e146d8,0x00000000e2080000)
  to   space 10752K, 0% used [0x00000000e0c00000,0x00000000e0c00000,0x00000000e1680000)
 ParOldGen       total 26112K, used 8039K [0x00000000a0000000, 0x00000000a1980000, 0x00000000e0000000)
  object space 26112K, 30% used [0x00000000a0000000,0x00000000a07d9cc0,0x00000000a1980000)
 Metaspace       used 34627K, capacity 35404K, committed 35456K, reserved 1079296K
  class space    used 4738K, capacity 4953K, committed 4992K, reserved 1048576K
Event: 721.418 GC heap after
Heap after GC invocations=28 (full 1):
 PSYoungGen      total 23040K, used 7984K [0x00000000e0000000, 0x00000000e2200000, 0x0000000100000000)
  eden space 12288K, 0% used [0x00000000e0000000,0x00000000e0000000,0x00000000e0c00000)
  from space 10752K, 74% used [0x00000000e0c00000,0x00000000e13cc010,0x00000000e1680000)
  to   space 11264K, 0% used [0x00000000e1700000,0x00000000e1700000,0x00000000e2200000)
 ParOldGen       total 26112K, used 8047K [0x00000000a0000000, 0x00000000a1980000, 0x00000000e0000000)
  object space 26112K, 30% used [0x00000000a0000000,0x00000000a07dbcc0,0x00000000a1980000)
 Metaspace       used 34627K, capacity 35404K, committed 35456K, reserved 1079296K
  class space    used 4738K, capacity 4953K, committed 4992K, reserved 1048576K
}
Event: 721.418 GC heap before
{Heap before GC invocations=29 (full 2):
 PSYoungGen      total 23040K, used 7984K [0x00000000e0000000, 0x00000000e2200000, 0x0000000100000000)
  eden space 12288K, 0% used [0x00000000e0000000,0x00000000e0000000,0x00000000e0c00000)
  from space 10752K, 74% used [0x00000000e0c00000,0x00000000e13cc010,0x00000000e1680000)
  to   space 11264K, 0% used [0x00000000e1700000,0x00000000e1700000,0x00000000e2200000)
 ParOldGen       total 26112K, used 8047K [0x00000000a0000000, 0x00000000a1980000, 0x00000000e0000000)
  object space 26112K, 30% used [0x00000000a0000000,0x00000000a07dbcc0,0x00000000a1980000)
 Metaspace       used 34627K, capacity 35404K, committed 35456K, reserved 1079296K
  class space    used 4738K, capacity 4953K, committed 4992K, reserved 1048576K
Event: 722.655 GC heap after
Heap after GC invocations=29 (full 2):
 PSYoungGen      total 23040K, used 0K [0x00000000e0000000, 0x00000000e2200000, 0x0000000100000000)
  eden space 12288K, 0% used [0x00000000e0000000,0x00000000e0000000,0x00000000e0c00000)
  from space 10752K, 0% used [0x00000000e0c00000,0x00000000e0c00000,0x00000000e1680000)
  to   space 11264K, 0% used [0x00000000e1700000,0x00000000e1700000,0x00000000e2200000)
 ParOldGen       total 32768K, used 15014K [0x00000000a0000000, 0x00000000a2000000, 0x00000000e0000000)
  object space 32768K, 45% used [0x00000000a0000000,0x00000000a0ea98d8,0x00000000a2000000)
 Metaspace       used 34620K, capacity 35380K, committed 35456K, reserved 1079296K
  class space    used 4735K, capacity 4949K, committed 4992K, reserved 1048576K
}
Event: 763.191 GC heap before
{Heap before GC invocations=30 (full 2):
 PSYoungGen      total 23040K, used 12288K [0x00000000e0000000, 0x00000000e2200000, 0x0000000100000000)
  eden space 12288K, 100% used [0x00000000e0000000,0x00000000e0c00000,0x00000000e0c00000)
  from space 10752K, 0% used [0x00000000e0c00000,0x00000000e0c00000,0x00000000e1680000)
  to   space 11264K, 0% used [0x00000000e1700000,0x00000000e1700000,0x00000000e2200000)
 ParOldGen       total 32768K, used 15014K [0x00000000a0000000, 0x00000000a2000000, 0x00000000e0000000)
  object space 32768K, 45% used [0x00000000a0000000,0x00000000a0ea98d8,0x00000000a2000000)
 Metaspace       used 35051K, capacity 36012K, committed 36096K, reserved 1081344K
  class space    used 4811K, capacity 5067K, committed 5120K, reserved 1048576K
Event: 763.196 GC heap after
Heap after GC invocations=30 (full 2):
 PSYoungGen      total 23552K, used 1472K [0x00000000e0000000, 0x00000000e2200000, 0x0000000100000000)
  eden space 12288K, 0% used [0x00000000e0000000,0x00000000e0000000,0x00000000e0c00000)
  from space 11264K, 13% used [0x00000000e1700000,0x00000000e1870000,0x00000000e2200000)
  to   space 11264K, 0% used [0x00000000e0c00000,0x00000000e0c00000,0x00000000e1700000)
 ParOldGen       total 32768K, used 15022K [0x00000000a0000000, 0x00000000a2000000, 0x00000000e0000000)
  object space 32768K, 45% used [0x00000000a0000000,0x00000000a0eab8d8,0x00000000a2000000)
 Metaspace       used 35051K, capacity 36012K, committed 36096K, reserved 1081344K
  class space    used 4811K, capacity 5067K, committed 5120K, reserved 1048576K
}

